
D:\QtClip\out\Release\Qt5Network.dll
D:\QtClip\out\Release\plugins\bearer\qgenericbearer.dll
D:\QtClip\out\Release\Qt5Core.dll
D:\QtClip\out\Release\zlib1.dll
D:\QtClip\out\Release\double-conversion.dll
D:\QtClip\out\Release\pcre2-16.dll
D:\QtClip\out\Release\zstd.dll
D:\QtClip\out\Release\libcrypto-*-x64.dll
D:\QtClip\out\Release\libssl-*-x64.dll
D:\QtClip\out\Release\libcrypto-*.dll
D:\QtClip\out\Release\libssl-*.dll
D:\QtClip\out\Release\libssl-3-x64.dll
D:\QtClip\out\Release\libcrypto-3-x64.dll
D:\QtClip\out\Release\Qt5Sql.dll
D:\QtClip\out\Release\plugins\sqldrivers\qsqlite.dll
D:\QtClip\out\Release\sqlite3.dll
D:\QtClip\out\Release\plugins\sqldrivers\qsqlodbc.dll
D:\QtClip\out\Release\Qt5Widgets.dll
D:\QtClip\out\Release\Qt5Gui.dll
D:\QtClip\out\Release\plugins\platforms\qwindows.dll
D:\QtClip\out\Release\plugins\imageformats\qgif.dll
D:\QtClip\out\Release\plugins\imageformats\qicns.dll
D:\QtClip\out\Release\plugins\imageformats\qico.dll
D:\QtClip\out\Release\plugins\imageformats\qjpeg.dll
D:\QtClip\out\Release\jpeg62.dll
D:\QtClip\out\Release\plugins\imageformats\qsvg.dll
D:\QtClip\out\Release\Qt5Svg.dll
D:\QtClip\out\Release\plugins\imageformats\qtga.dll
D:\QtClip\out\Release\plugins\imageformats\qtiff.dll
D:\QtClip\out\Release\tiff.dll
D:\QtClip\out\Release\liblzma.dll
D:\QtClip\out\Release\plugins\imageformats\qwbmp.dll
D:\QtClip\out\Release\plugins\imageformats\qwebp.dll
D:\QtClip\out\Release\libwebpdemux.dll
D:\QtClip\out\Release\libwebp.dll
D:\QtClip\out\Release\libsharpyuv.dll
D:\QtClip\out\Release\libwebpmux.dll
D:\QtClip\out\Release\plugins\iconengines\qsvgicon.dll
D:\QtClip\out\Release\plugins\styles\qwindowsvistastyle.dll
D:\QtClip\out\Release\libpng16.dll
D:\QtClip\out\Release\harfbuzz.dll
D:\QtClip\out\Release\freetype.dll
D:\QtClip\out\Release\bz2.dll
D:\QtClip\out\Release\brotlidec.dll
D:\QtClip\out\Release\brotlicommon.dll
